<?xml version="1.0" encoding="UTF-8"?>
<testng-results skipped="0" failed="0" total="1" passed="1">
  <reporter-output>
  </reporter-output>
  <suite name="Suite" duration-ms="63740" started-at="2020-05-02T23:17:43Z" finished-at="2020-05-02T23:18:47Z">
    <groups>
    </groups>
    <test name="Test" duration-ms="63740" started-at="2020-05-02T23:17:43Z" finished-at="2020-05-02T23:18:47Z">
      <class name="com.forbes.testscript1.TestScript1">
        <test-method status="PASS" signature="openBrowser()[pri:0, instance:com.forbes.testscript1.TestScript1@57fffcd7]" name="openBrowser" is-config="true" duration-ms="30884" started-at="2020-05-03T04:47:43Z" finished-at="2020-05-03T04:48:14Z">
          <reporter-output>
          </reporter-output>
        </test-method> <!-- openBrowser -->
        <test-method status="PASS" signature="testTestScript1()[pri:0, instance:com.forbes.testscript1.TestScript1@57fffcd7]" name="testTestScript1" duration-ms="28751" started-at="2020-05-03T04:48:14Z" finished-at="2020-05-03T04:48:43Z">
          <reporter-output>
          </reporter-output>
        </test-method> <!-- testTestScript1 -->
        <test-method status="PASS" signature="closeBrowser()[pri:0, instance:com.forbes.testscript1.TestScript1@57fffcd7]" name="closeBrowser" is-config="true" duration-ms="4079" started-at="2020-05-03T04:48:43Z" finished-at="2020-05-03T04:48:47Z">
          <reporter-output>
          </reporter-output>
        </test-method> <!-- closeBrowser -->
      </class> <!-- com.forbes.testscript1.TestScript1 -->
    </test> <!-- Test -->
  </suite> <!-- Suite -->
</testng-results>
